SF:lib\item_provider.dart
DA:16,2
DA:18,2
DA:20,1
DA:21,3
DA:22,4
DA:23,3
DA:24,1
DA:25,1
DA:28,0
DA:29,0
DA:30,0
DA:31,0
DA:32,0
DA:35,0
DA:36,0
DA:37,0
DA:40,0
DA:41,0
DA:42,0
DA:45,0
DA:46,0
DA:49,1
DA:50,2
DA:51,2
DA:52,1
LF:25
LH:12
end_of_record
SF:lib\decoration.dart
DA:6,1
DA:7,1
DA:13,1
DA:14,1
LF:4
LH:4
end_of_record
SF:lib\validator.dart
DA:4,0
DA:5,0
DA:11,0
DA:12,0
LF:4
LH:0
end_of_record
SF:lib\item_tracker_screen.dart
DA:15,1
DA:17,1
DA:19,1
DA:20,1
DA:21,2
DA:22,1
DA:23,1
DA:24,1
DA:25,1
DA:26,1
DA:27,2
DA:28,1
DA:29,1
DA:30,2
DA:31,0
DA:32,1
DA:35,1
DA:37,1
DA:38,1
DA:39,1
DA:40,1
DA:41,1
DA:42,1
DA:44,1
DA:45,1
DA:46,0
DA:47,0
DA:52,1
DA:54,1
DA:55,1
DA:56,0
DA:57,0
DA:59,1
DA:60,1
DA:74,0
DA:75,0
DA:76,0
DA:77,0
DA:78,0
DA:79,0
DA:80,0
DA:81,0
DA:82,0
LF:43
LH:29
end_of_record
SF:lib\item.dart
DA:5,1
LF:1
LH:1
end_of_record
SF:lib\form_button_widget.dart
DA:7,1
DA:11,1
DA:13,1
DA:14,1
DA:16,2
DA:18,1
DA:19,0
DA:20,1
DA:21,1
DA:29,0
DA:30,0
DA:31,0
DA:32,0
DA:34,0
DA:36,0
DA:40,0
DA:44,0
DA:45,0
DA:46,0
DA:47,0
DA:53,0
DA:54,0
DA:55,0
DA:56,0
LF:24
LH:8
end_of_record
SF:lib\form_text_field_widget.dart
DA:4,1
DA:19,1
DA:21,1
DA:22,1
DA:23,1
DA:25,1
DA:26,0
DA:27,1
LF:8
LH:7
end_of_record
SF:lib\list_item_widget.dart
DA:8,1
DA:12,1
DA:14,1
DA:16,2
DA:17,3
DA:18,1
DA:22,1
DA:23,2
DA:24,2
DA:25,1
DA:27,1
DA:29,1
DA:30,1
DA:32,0
DA:34,1
DA:39,0
DA:40,0
DA:41,0
DA:42,0
DA:44,0
DA:56,0
DA:57,0
DA:58,0
DA:59,0
DA:60,0
DA:61,0
DA:62,0
LF:27
LH:14
end_of_record
SF:lib\main.dart
DA:8,0
DA:9,0
DA:10,0
DA:16,1
DA:18,0
DA:20,0
DA:23,0
DA:40,0
DA:41,0
DA:43,0
DA:44,0
DA:48,0
DA:51,0
LF:13
LH:1
end_of_record
